<?xml version="1.0" encoding="UTF-8"?>
<!-- Generated by org.testng.reporters.JUnitXMLReporter -->
<testsuite ignored="0" hostname="DESKTOP-35PKLNE" failures="0" tests="3" name="Default test" time="23.978" errors="0" timestamp="2021-03-19T15:40:29 CET">
  <testcase classname="TestPages.HomePageTest" name="getUserName" time="1.016"/>
  <testcase classname="TestPages.HomePageTest" name="galeryInfo" time="0.128"/>
  <testcase classname="TestPages.HomePageTest" name="developerNameTest" time="0.067"/>
</testsuite> <!-- Default test -->
